# project  configured on Fri Aug 10 10:33:30 2018 by
# waf 2.0.2 (abi 20, python 2070ef0 on linux2)
# using /tmp/lljvm-translator/lib/lljvm-native/waf configure
#
----------------------------------------
Setting top to
/tmp/lljvm-translator/lib/lljvm-native
----------------------------------------
Setting out to
/tmp/lljvm-translator/lib/lljvm-native/build
----------------------------------------
Checking for 'g++' (C++ compiler)
find program=['g++', 'c++'] paths=['/usr/local/bin', '/bin', '/usr/bin', '/usr/local/sbin', '/usr/sbin', '/sbin', '/opt/aws/bin', '/home/ec2-user/spark/build/apache-maven-3.3.9/bin', '/home/ec2-user/.local/bin', '/home/ec2-user/bin', '/opt/aws/bin', '/home/ec2-user/spark/build/apache-maven-3.3.9/bin'] var='CXX' -> ['clang++']
['clang++', '-dM', '-E', '-']
out: #define _LP64 1
#define __ATOMIC_ACQUIRE 2
#define __ATOMIC_ACQ_REL 4
#define __ATOMIC_CONSUME 1
#define __ATOMIC_RELAXED 0
#define __ATOMIC_RELEASE 3
#define __ATOMIC_SEQ_CST 5
#define __BYTE_ORDER__ __ORDER_LITTLE_ENDIAN__
#define __CHAR16_TYPE__ unsigned short
#define __CHAR32_TYPE__ unsigned int
#define __CHAR_BIT__ 8
#define __CONSTANT_CFSTRINGS__ 1
#define __DBL_DENORM_MIN__ 4.9406564584124654e-324
#define __DBL_DIG__ 15
#define __DBL_EPSILON__ 2.2204460492503131e-16
#define __DBL_HAS_DENORM__ 1
#define __DBL_HAS_INFINITY__ 1
#define __DBL_HAS_QUIET_NAN__ 1
#define __DBL_MANT_DIG__ 53
#define __DBL_MAX_10_EXP__ 308
#define __DBL_MAX_EXP__ 1024
#define __DBL_MAX__ 1.7976931348623157e+308
#define __DBL_MIN_10_EXP__ (-307)
#define __DBL_MIN_EXP__ (-1021)
#define __DBL_MIN__ 2.2250738585072014e-308
#define __DECIMAL_DIG__ 21
#define __ELF__ 1
#define __FINITE_MATH_ONLY__ 0
#define __FLT_DENORM_MIN__ 1.40129846e-45F
#define __FLT_DIG__ 6
#define __FLT_EPSILON__ 1.19209290e-7F
#define __FLT_EVAL_METHOD__ 0
#define __FLT_HAS_DENORM__ 1
#define __FLT_HAS_INFINITY__ 1
#define __FLT_HAS_QUIET_NAN__ 1
#define __FLT_MANT_DIG__ 24
#define __FLT_MAX_10_EXP__ 38
#define __FLT_MAX_EXP__ 128
#define __FLT_MAX__ 3.40282347e+38F
#define __FLT_MIN_10_EXP__ (-37)
#define __FLT_MIN_EXP__ (-125)
#define __FLT_MIN__ 1.17549435e-38F
#define __FLT_RADIX__ 2
#define __GCC_ATOMIC_BOOL_LOCK_FREE 2
#define __GCC_ATOMIC_CHAR16_T_LOCK_FREE 2
#define __GCC_ATOMIC_CHAR32_T_LOCK_FREE 2
#define __GCC_ATOMIC_CHAR_LOCK_FREE 2
#define __GCC_ATOMIC_INT_LOCK_FREE 2
#define __GCC_ATOMIC_LLONG_LOCK_FREE 2
#define __GCC_ATOMIC_LONG_LOCK_FREE 2
#define __GCC_ATOMIC_POINTER_LOCK_FREE 2
#define __GCC_ATOMIC_SHORT_LOCK_FREE 2
#define __GCC_ATOMIC_TEST_AND_SET_TRUEVAL 1
#define __GCC_ATOMIC_WCHAR_T_LOCK_FREE 2
#define __GCC_HAVE_SYNC_COMPARE_AND_SWAP_1 1
#define __GCC_HAVE_SYNC_COMPARE_AND_SWAP_2 1
#define __GCC_HAVE_SYNC_COMPARE_AND_SWAP_4 1
#define __GCC_HAVE_SYNC_COMPARE_AND_SWAP_8 1
#define __GNUC_MINOR__ 2
#define __GNUC_PATCHLEVEL__ 1
#define __GNUC_STDC_INLINE__ 1
#define __GNUC__ 4
#define __GXX_ABI_VERSION 1002
#define __GXX_RTTI 1
#define __INT16_C_SUFFIX__ 
#define __INT16_FMTd__ "hd"
#define __INT16_FMTi__ "hi"
#define __INT16_MAX__ 32767
#define __INT16_TYPE__ short
#define __INT32_C_SUFFIX__ 
#define __INT32_FMTd__ "d"
#define __INT32_FMTi__ "i"
#define __INT32_MAX__ 2147483647
#define __INT32_TYPE__ int
#define __INT64_C_SUFFIX__ L
#define __INT64_FMTd__ "ld"
#define __INT64_FMTi__ "li"
#define __INT64_MAX__ 9223372036854775807L
#define __INT64_TYPE__ long int
#define __INT8_C_SUFFIX__ 
#define __INT8_FMTd__ "hhd"
#define __INT8_FMTi__ "hhi"
#define __INT8_MAX__ 127
#define __INT8_TYPE__ signed char
#define __INTMAX_C_SUFFIX__ L
#define __INTMAX_FMTd__ "ld"
#define __INTMAX_FMTi__ "li"
#define __INTMAX_MAX__ 9223372036854775807L
#define __INTMAX_TYPE__ long int
#define __INTMAX_WIDTH__ 64
#define __INTPTR_FMTd__ "ld"
#define __INTPTR_FMTi__ "li"
#define __INTPTR_MAX__ 9223372036854775807L
#define __INTPTR_TYPE__ long int
#define __INTPTR_WIDTH__ 64
#define __INT_FAST16_FMTd__ "hd"
#define __INT_FAST16_FMTi__ "hi"
#define __INT_FAST16_MAX__ 32767
#define __INT_FAST16_TYPE__ short
#define __INT_FAST32_FMTd__ "d"
#define __INT_FAST32_FMTi__ "i"
#define __INT_FAST32_MAX__ 2147483647
#define __INT_FAST32_TYPE__ int
#define __INT_FAST64_FMTd__ "ld"
#define __INT_FAST64_FMTi__ "li"
#define __INT_FAST64_MAX__ 9223372036854775807L
#define __INT_FAST64_TYPE__ long int
#define __INT_FAST8_FMTd__ "hhd"
#define __INT_FAST8_FMTi__ "hhi"
#define __INT_FAST8_MAX__ 127
#define __INT_FAST8_TYPE__ signed char
#define __INT_LEAST16_FMTd__ "hd"
#define __INT_LEAST16_FMTi__ "hi"
#define __INT_LEAST16_MAX__ 32767
#define __INT_LEAST16_TYPE__ short
#define __INT_LEAST32_FMTd__ "d"
#define __INT_LEAST32_FMTi__ "i"
#define __INT_LEAST32_MAX__ 2147483647
#define __INT_LEAST32_TYPE__ int
#define __INT_LEAST64_FMTd__ "ld"
#define __INT_LEAST64_FMTi__ "li"
#define __INT_LEAST64_MAX__ 9223372036854775807L
#define __INT_LEAST64_TYPE__ long int
#define __INT_LEAST8_FMTd__ "hhd"
#define __INT_LEAST8_FMTi__ "hhi"
#define __INT_LEAST8_MAX__ 127
#define __INT_LEAST8_TYPE__ signed char
#define __INT_MAX__ 2147483647
#define __LDBL_DENORM_MIN__ 3.64519953188247460253e-4951L
#define __LDBL_DIG__ 18
#define __LDBL_EPSILON__ 1.08420217248550443401e-19L
#define __LDBL_HAS_DENORM__ 1
#define __LDBL_HAS_INFINITY__ 1
#define __LDBL_HAS_QUIET_NAN__ 1
#define __LDBL_MANT_DIG__ 64
#define __LDBL_MAX_10_EXP__ 4932
#define __LDBL_MAX_EXP__ 16384
#define __LDBL_MAX__ 1.18973149535723176502e+4932L
#define __LDBL_MIN_10_EXP__ (-4931)
#define __LDBL_MIN_EXP__ (-16381)
#define __LDBL_MIN__ 3.36210314311209350626e-4932L
#define __LITTLE_ENDIAN__ 1
#define __LONG_LONG_MAX__ 9223372036854775807LL
#define __LONG_MAX__ 9223372036854775807L
#define __LP64__ 1
#define __MMX__ 1
#define __NO_INLINE__ 1
#define __NO_MATH_INLINES 1
#define __ORDER_BIG_ENDIAN__ 4321
#define __ORDER_LITTLE_ENDIAN__ 1234
#define __ORDER_PDP_ENDIAN__ 3412
#define __POINTER_WIDTH__ 64
#define __PRAGMA_REDEFINE_EXTNAME 1
#define __PTRDIFF_FMTd__ "ld"
#define __PTRDIFF_FMTi__ "li"
#define __PTRDIFF_MAX__ 9223372036854775807L
#define __PTRDIFF_TYPE__ long int
#define __PTRDIFF_WIDTH__ 64
#define __REGISTER_PREFIX__ 
#define __SCHAR_MAX__ 127
#define __SHRT_MAX__ 32767
#define __SIG_ATOMIC_MAX__ 2147483647
#define __SIG_ATOMIC_WIDTH__ 32
#define __SIZEOF_DOUBLE__ 8
#define __SIZEOF_FLOAT__ 4
#define __SIZEOF_INT128__ 16
#define __SIZEOF_INT__ 4
#define __SIZEOF_LONG_DOUBLE__ 16
#define __SIZEOF_LONG_LONG__ 8
#define __SIZEOF_LONG__ 8
#define __SIZEOF_POINTER__ 8
#define __SIZEOF_PTRDIFF_T__ 8
#define __SIZEOF_SHORT__ 2
#define __SIZEOF_SIZE_T__ 8
#define __SIZEOF_WCHAR_T__ 4
#define __SIZEOF_WINT_T__ 4
#define __SIZE_FMTX__ "lX"
#define __SIZE_FMTo__ "lo"
#define __SIZE_FMTu__ "lu"
#define __SIZE_FMTx__ "lx"
#define __SIZE_MAX__ 18446744073709551615UL
#define __SIZE_TYPE__ long unsigned int
#define __SIZE_WIDTH__ 64
#define __SSE2_MATH__ 1
#define __SSE2__ 1
#define __SSE_MATH__ 1
#define __SSE__ 1
#define __STDC_HOSTED__ 1
#define __STDC_UTF_16__ 1
#define __STDC_UTF_32__ 1
#define __STDC_VERSION__ 201112L
#define __STDC__ 1
#define __UINT16_C_SUFFIX__ 
#define __UINT16_FMTX__ "hX"
#define __UINT16_FMTo__ "ho"
#define __UINT16_FMTu__ "hu"
#define __UINT16_FMTx__ "hx"
#define __UINT16_MAX__ 65535
#define __UINT16_TYPE__ unsigned short
#define __UINT32_C_SUFFIX__ U
#define __UINT32_FMTX__ "X"
#define __UINT32_FMTo__ "o"
#define __UINT32_FMTu__ "u"
#define __UINT32_FMTx__ "x"
#define __UINT32_MAX__ 4294967295U
#define __UINT32_TYPE__ unsigned int
#define __UINT64_C_SUFFIX__ UL
#define __UINT64_FMTX__ "lX"
#define __UINT64_FMTo__ "lo"
#define __UINT64_FMTu__ "lu"
#define __UINT64_FMTx__ "lx"
#define __UINT64_MAX__ 18446744073709551615UL
#define __UINT64_TYPE__ long unsigned int
#define __UINT8_C_SUFFIX__ 
#define __UINT8_FMTX__ "hhX"
#define __UINT8_FMTo__ "hho"
#define __UINT8_FMTu__ "hhu"
#define __UINT8_FMTx__ "hhx"
#define __UINT8_MAX__ 255
#define __UINT8_TYPE__ unsigned char
#define __UINTMAX_C_SUFFIX__ UL
#define __UINTMAX_FMTX__ "lX"
#define __UINTMAX_FMTo__ "lo"
#define __UINTMAX_FMTu__ "lu"
#define __UINTMAX_FMTx__ "lx"
#define __UINTMAX_MAX__ 18446744073709551615UL
#define __UINTMAX_TYPE__ long unsigned int
#define __UINTMAX_WIDTH__ 64
#define __UINTPTR_FMTX__ "lX"
#define __UINTPTR_FMTo__ "lo"
#define __UINTPTR_FMTu__ "lu"
#define __UINTPTR_FMTx__ "lx"
#define __UINTPTR_MAX__ 18446744073709551615UL
#define __UINTPTR_TYPE__ long unsigned int
#define __UINTPTR_WIDTH__ 64
#define __UINT_FAST16_FMTX__ "hX"
#define __UINT_FAST16_FMTo__ "ho"
#define __UINT_FAST16_FMTu__ "hu"
#define __UINT_FAST16_FMTx__ "hx"
#define __UINT_FAST16_MAX__ 65535
#define __UINT_FAST16_TYPE__ unsigned short
#define __UINT_FAST32_FMTX__ "X"
#define __UINT_FAST32_FMTo__ "o"
#define __UINT_FAST32_FMTu__ "u"
#define __UINT_FAST32_FMTx__ "x"
#define __UINT_FAST32_MAX__ 4294967295U
#define __UINT_FAST32_TYPE__ unsigned int
#define __UINT_FAST64_FMTX__ "lX"
#define __UINT_FAST64_FMTo__ "lo"
#define __UINT_FAST64_FMTu__ "lu"
#define __UINT_FAST64_FMTx__ "lx"
#define __UINT_FAST64_MAX__ 18446744073709551615UL
#define __UINT_FAST64_TYPE__ long unsigned int
#define __UINT_FAST8_FMTX__ "hhX"
#define __UINT_FAST8_FMTo__ "hho"
#define __UINT_FAST8_FMTu__ "hhu"
#define __UINT_FAST8_FMTx__ "hhx"
#define __UINT_FAST8_MAX__ 255
#define __UINT_FAST8_TYPE__ unsigned char
#define __UINT_LEAST16_FMTX__ "hX"
#define __UINT_LEAST16_FMTo__ "ho"
#define __UINT_LEAST16_FMTu__ "hu"
#define __UINT_LEAST16_FMTx__ "hx"
#define __UINT_LEAST16_MAX__ 65535
#define __UINT_LEAST16_TYPE__ unsigned short
#define __UINT_LEAST32_FMTX__ "X"
#define __UINT_LEAST32_FMTo__ "o"
#define __UINT_LEAST32_FMTu__ "u"
#define __UINT_LEAST32_FMTx__ "x"
#define __UINT_LEAST32_MAX__ 4294967295U
#define __UINT_LEAST32_TYPE__ unsigned int
#define __UINT_LEAST64_FMTX__ "lX"
#define __UINT_LEAST64_FMTo__ "lo"
#define __UINT_LEAST64_FMTu__ "lu"
#define __UINT_LEAST64_FMTx__ "lx"
#define __UINT_LEAST64_MAX__ 18446744073709551615UL
#define __UINT_LEAST64_TYPE__ long unsigned int
#define __UINT_LEAST8_FMTX__ "hhX"
#define __UINT_LEAST8_FMTo__ "hho"
#define __UINT_LEAST8_FMTu__ "hhu"
#define __UINT_LEAST8_FMTx__ "hhx"
#define __UINT_LEAST8_MAX__ 255
#define __UINT_LEAST8_TYPE__ unsigned char
#define __USER_LABEL_PREFIX__ 
#define __VERSION__ "4.2.1 Compatible Clang 3.6.2 (tags/RELEASE_362/final)"
#define __WCHAR_MAX__ 2147483647
#define __WCHAR_TYPE__ int
#define __WCHAR_WIDTH__ 32
#define __WINT_TYPE__ unsigned int
#define __WINT_UNSIGNED__ 1
#define __WINT_WIDTH__ 32
#define __amd64 1
#define __amd64__ 1
#define __clang__ 1
#define __clang_major__ 3
#define __clang_minor__ 6
#define __clang_patchlevel__ 2
#define __clang_version__ "3.6.2 (tags/RELEASE_362/final)"
#define __gnu_linux__ 1
#define __k8 1
#define __k8__ 1
#define __linux 1
#define __linux__ 1
#define __llvm__ 1
#define __tune_k8__ 1
#define __unix 1
#define __unix__ 1
#define __x86_64 1
#define __x86_64__ 1
#define linux 1
#define unix 1

from /tmp/lljvm-translator/lib/lljvm-native: Could not find gcc/g++ (only Clang), if renamed try eg: CC=gcc48 CXX=g++48 waf configure
not found
----------------------------------------
Checking for 'clang++' (C++ compiler)
find program=['clang++'] paths=['/usr/local/bin', '/bin', '/usr/bin', '/usr/local/sbin', '/usr/sbin', '/sbin', '/opt/aws/bin', '/home/ec2-user/spark/build/apache-maven-3.3.9/bin', '/home/ec2-user/.local/bin', '/home/ec2-user/bin', '/opt/aws/bin', '/home/ec2-user/spark/build/apache-maven-3.3.9/bin'] var='CXX' -> ['clang++']
['clang++', '-dM', '-E', '-']
out: #define _LP64 1
#define __ATOMIC_ACQUIRE 2
#define __ATOMIC_ACQ_REL 4
#define __ATOMIC_CONSUME 1
#define __ATOMIC_RELAXED 0
#define __ATOMIC_RELEASE 3
#define __ATOMIC_SEQ_CST 5
#define __BYTE_ORDER__ __ORDER_LITTLE_ENDIAN__
#define __CHAR16_TYPE__ unsigned short
#define __CHAR32_TYPE__ unsigned int
#define __CHAR_BIT__ 8
#define __CONSTANT_CFSTRINGS__ 1
#define __DBL_DENORM_MIN__ 4.9406564584124654e-324
#define __DBL_DIG__ 15
#define __DBL_EPSILON__ 2.2204460492503131e-16
#define __DBL_HAS_DENORM__ 1
#define __DBL_HAS_INFINITY__ 1
#define __DBL_HAS_QUIET_NAN__ 1
#define __DBL_MANT_DIG__ 53
#define __DBL_MAX_10_EXP__ 308
#define __DBL_MAX_EXP__ 1024
#define __DBL_MAX__ 1.7976931348623157e+308
#define __DBL_MIN_10_EXP__ (-307)
#define __DBL_MIN_EXP__ (-1021)
#define __DBL_MIN__ 2.2250738585072014e-308
#define __DECIMAL_DIG__ 21
#define __ELF__ 1
#define __FINITE_MATH_ONLY__ 0
#define __FLT_DENORM_MIN__ 1.40129846e-45F
#define __FLT_DIG__ 6
#define __FLT_EPSILON__ 1.19209290e-7F
#define __FLT_EVAL_METHOD__ 0
#define __FLT_HAS_DENORM__ 1
#define __FLT_HAS_INFINITY__ 1
#define __FLT_HAS_QUIET_NAN__ 1
#define __FLT_MANT_DIG__ 24
#define __FLT_MAX_10_EXP__ 38
#define __FLT_MAX_EXP__ 128
#define __FLT_MAX__ 3.40282347e+38F
#define __FLT_MIN_10_EXP__ (-37)
#define __FLT_MIN_EXP__ (-125)
#define __FLT_MIN__ 1.17549435e-38F
#define __FLT_RADIX__ 2
#define __GCC_ATOMIC_BOOL_LOCK_FREE 2
#define __GCC_ATOMIC_CHAR16_T_LOCK_FREE 2
#define __GCC_ATOMIC_CHAR32_T_LOCK_FREE 2
#define __GCC_ATOMIC_CHAR_LOCK_FREE 2
#define __GCC_ATOMIC_INT_LOCK_FREE 2
#define __GCC_ATOMIC_LLONG_LOCK_FREE 2
#define __GCC_ATOMIC_LONG_LOCK_FREE 2
#define __GCC_ATOMIC_POINTER_LOCK_FREE 2
#define __GCC_ATOMIC_SHORT_LOCK_FREE 2
#define __GCC_ATOMIC_TEST_AND_SET_TRUEVAL 1
#define __GCC_ATOMIC_WCHAR_T_LOCK_FREE 2
#define __GCC_HAVE_SYNC_COMPARE_AND_SWAP_1 1
#define __GCC_HAVE_SYNC_COMPARE_AND_SWAP_2 1
#define __GCC_HAVE_SYNC_COMPARE_AND_SWAP_4 1
#define __GCC_HAVE_SYNC_COMPARE_AND_SWAP_8 1
#define __GNUC_MINOR__ 2
#define __GNUC_PATCHLEVEL__ 1
#define __GNUC_STDC_INLINE__ 1
#define __GNUC__ 4
#define __GXX_ABI_VERSION 1002
#define __GXX_RTTI 1
#define __INT16_C_SUFFIX__ 
#define __INT16_FMTd__ "hd"
#define __INT16_FMTi__ "hi"
#define __INT16_MAX__ 32767
#define __INT16_TYPE__ short
#define __INT32_C_SUFFIX__ 
#define __INT32_FMTd__ "d"
#define __INT32_FMTi__ "i"
#define __INT32_MAX__ 2147483647
#define __INT32_TYPE__ int
#define __INT64_C_SUFFIX__ L
#define __INT64_FMTd__ "ld"
#define __INT64_FMTi__ "li"
#define __INT64_MAX__ 9223372036854775807L
#define __INT64_TYPE__ long int
#define __INT8_C_SUFFIX__ 
#define __INT8_FMTd__ "hhd"
#define __INT8_FMTi__ "hhi"
#define __INT8_MAX__ 127
#define __INT8_TYPE__ signed char
#define __INTMAX_C_SUFFIX__ L
#define __INTMAX_FMTd__ "ld"
#define __INTMAX_FMTi__ "li"
#define __INTMAX_MAX__ 9223372036854775807L
#define __INTMAX_TYPE__ long int
#define __INTMAX_WIDTH__ 64
#define __INTPTR_FMTd__ "ld"
#define __INTPTR_FMTi__ "li"
#define __INTPTR_MAX__ 9223372036854775807L
#define __INTPTR_TYPE__ long int
#define __INTPTR_WIDTH__ 64
#define __INT_FAST16_FMTd__ "hd"
#define __INT_FAST16_FMTi__ "hi"
#define __INT_FAST16_MAX__ 32767
#define __INT_FAST16_TYPE__ short
#define __INT_FAST32_FMTd__ "d"
#define __INT_FAST32_FMTi__ "i"
#define __INT_FAST32_MAX__ 2147483647
#define __INT_FAST32_TYPE__ int
#define __INT_FAST64_FMTd__ "ld"
#define __INT_FAST64_FMTi__ "li"
#define __INT_FAST64_MAX__ 9223372036854775807L
#define __INT_FAST64_TYPE__ long int
#define __INT_FAST8_FMTd__ "hhd"
#define __INT_FAST8_FMTi__ "hhi"
#define __INT_FAST8_MAX__ 127
#define __INT_FAST8_TYPE__ signed char
#define __INT_LEAST16_FMTd__ "hd"
#define __INT_LEAST16_FMTi__ "hi"
#define __INT_LEAST16_MAX__ 32767
#define __INT_LEAST16_TYPE__ short
#define __INT_LEAST32_FMTd__ "d"
#define __INT_LEAST32_FMTi__ "i"
#define __INT_LEAST32_MAX__ 2147483647
#define __INT_LEAST32_TYPE__ int
#define __INT_LEAST64_FMTd__ "ld"
#define __INT_LEAST64_FMTi__ "li"
#define __INT_LEAST64_MAX__ 9223372036854775807L
#define __INT_LEAST64_TYPE__ long int
#define __INT_LEAST8_FMTd__ "hhd"
#define __INT_LEAST8_FMTi__ "hhi"
#define __INT_LEAST8_MAX__ 127
#define __INT_LEAST8_TYPE__ signed char
#define __INT_MAX__ 2147483647
#define __LDBL_DENORM_MIN__ 3.64519953188247460253e-4951L
#define __LDBL_DIG__ 18
#define __LDBL_EPSILON__ 1.08420217248550443401e-19L
#define __LDBL_HAS_DENORM__ 1
#define __LDBL_HAS_INFINITY__ 1
#define __LDBL_HAS_QUIET_NAN__ 1
#define __LDBL_MANT_DIG__ 64
#define __LDBL_MAX_10_EXP__ 4932
#define __LDBL_MAX_EXP__ 16384
#define __LDBL_MAX__ 1.18973149535723176502e+4932L
#define __LDBL_MIN_10_EXP__ (-4931)
#define __LDBL_MIN_EXP__ (-16381)
#define __LDBL_MIN__ 3.36210314311209350626e-4932L
#define __LITTLE_ENDIAN__ 1
#define __LONG_LONG_MAX__ 9223372036854775807LL
#define __LONG_MAX__ 9223372036854775807L
#define __LP64__ 1
#define __MMX__ 1
#define __NO_INLINE__ 1
#define __NO_MATH_INLINES 1
#define __ORDER_BIG_ENDIAN__ 4321
#define __ORDER_LITTLE_ENDIAN__ 1234
#define __ORDER_PDP_ENDIAN__ 3412
#define __POINTER_WIDTH__ 64
#define __PRAGMA_REDEFINE_EXTNAME 1
#define __PTRDIFF_FMTd__ "ld"
#define __PTRDIFF_FMTi__ "li"
#define __PTRDIFF_MAX__ 9223372036854775807L
#define __PTRDIFF_TYPE__ long int
#define __PTRDIFF_WIDTH__ 64
#define __REGISTER_PREFIX__ 
#define __SCHAR_MAX__ 127
#define __SHRT_MAX__ 32767
#define __SIG_ATOMIC_MAX__ 2147483647
#define __SIG_ATOMIC_WIDTH__ 32
#define __SIZEOF_DOUBLE__ 8
#define __SIZEOF_FLOAT__ 4
#define __SIZEOF_INT128__ 16
#define __SIZEOF_INT__ 4
#define __SIZEOF_LONG_DOUBLE__ 16
#define __SIZEOF_LONG_LONG__ 8
#define __SIZEOF_LONG__ 8
#define __SIZEOF_POINTER__ 8
#define __SIZEOF_PTRDIFF_T__ 8
#define __SIZEOF_SHORT__ 2
#define __SIZEOF_SIZE_T__ 8
#define __SIZEOF_WCHAR_T__ 4
#define __SIZEOF_WINT_T__ 4
#define __SIZE_FMTX__ "lX"
#define __SIZE_FMTo__ "lo"
#define __SIZE_FMTu__ "lu"
#define __SIZE_FMTx__ "lx"
#define __SIZE_MAX__ 18446744073709551615UL
#define __SIZE_TYPE__ long unsigned int
#define __SIZE_WIDTH__ 64
#define __SSE2_MATH__ 1
#define __SSE2__ 1
#define __SSE_MATH__ 1
#define __SSE__ 1
#define __STDC_HOSTED__ 1
#define __STDC_UTF_16__ 1
#define __STDC_UTF_32__ 1
#define __STDC_VERSION__ 201112L
#define __STDC__ 1
#define __UINT16_C_SUFFIX__ 
#define __UINT16_FMTX__ "hX"
#define __UINT16_FMTo__ "ho"
#define __UINT16_FMTu__ "hu"
#define __UINT16_FMTx__ "hx"
#define __UINT16_MAX__ 65535
#define __UINT16_TYPE__ unsigned short
#define __UINT32_C_SUFFIX__ U
#define __UINT32_FMTX__ "X"
#define __UINT32_FMTo__ "o"
#define __UINT32_FMTu__ "u"
#define __UINT32_FMTx__ "x"
#define __UINT32_MAX__ 4294967295U
#define __UINT32_TYPE__ unsigned int
#define __UINT64_C_SUFFIX__ UL
#define __UINT64_FMTX__ "lX"
#define __UINT64_FMTo__ "lo"
#define __UINT64_FMTu__ "lu"
#define __UINT64_FMTx__ "lx"
#define __UINT64_MAX__ 18446744073709551615UL
#define __UINT64_TYPE__ long unsigned int
#define __UINT8_C_SUFFIX__ 
#define __UINT8_FMTX__ "hhX"
#define __UINT8_FMTo__ "hho"
#define __UINT8_FMTu__ "hhu"
#define __UINT8_FMTx__ "hhx"
#define __UINT8_MAX__ 255
#define __UINT8_TYPE__ unsigned char
#define __UINTMAX_C_SUFFIX__ UL
#define __UINTMAX_FMTX__ "lX"
#define __UINTMAX_FMTo__ "lo"
#define __UINTMAX_FMTu__ "lu"
#define __UINTMAX_FMTx__ "lx"
#define __UINTMAX_MAX__ 18446744073709551615UL
#define __UINTMAX_TYPE__ long unsigned int
#define __UINTMAX_WIDTH__ 64
#define __UINTPTR_FMTX__ "lX"
#define __UINTPTR_FMTo__ "lo"
#define __UINTPTR_FMTu__ "lu"
#define __UINTPTR_FMTx__ "lx"
#define __UINTPTR_MAX__ 18446744073709551615UL
#define __UINTPTR_TYPE__ long unsigned int
#define __UINTPTR_WIDTH__ 64
#define __UINT_FAST16_FMTX__ "hX"
#define __UINT_FAST16_FMTo__ "ho"
#define __UINT_FAST16_FMTu__ "hu"
#define __UINT_FAST16_FMTx__ "hx"
#define __UINT_FAST16_MAX__ 65535
#define __UINT_FAST16_TYPE__ unsigned short
#define __UINT_FAST32_FMTX__ "X"
#define __UINT_FAST32_FMTo__ "o"
#define __UINT_FAST32_FMTu__ "u"
#define __UINT_FAST32_FMTx__ "x"
#define __UINT_FAST32_MAX__ 4294967295U
#define __UINT_FAST32_TYPE__ unsigned int
#define __UINT_FAST64_FMTX__ "lX"
#define __UINT_FAST64_FMTo__ "lo"
#define __UINT_FAST64_FMTu__ "lu"
#define __UINT_FAST64_FMTx__ "lx"
#define __UINT_FAST64_MAX__ 18446744073709551615UL
#define __UINT_FAST64_TYPE__ long unsigned int
#define __UINT_FAST8_FMTX__ "hhX"
#define __UINT_FAST8_FMTo__ "hho"
#define __UINT_FAST8_FMTu__ "hhu"
#define __UINT_FAST8_FMTx__ "hhx"
#define __UINT_FAST8_MAX__ 255
#define __UINT_FAST8_TYPE__ unsigned char
#define __UINT_LEAST16_FMTX__ "hX"
#define __UINT_LEAST16_FMTo__ "ho"
#define __UINT_LEAST16_FMTu__ "hu"
#define __UINT_LEAST16_FMTx__ "hx"
#define __UINT_LEAST16_MAX__ 65535
#define __UINT_LEAST16_TYPE__ unsigned short
#define __UINT_LEAST32_FMTX__ "X"
#define __UINT_LEAST32_FMTo__ "o"
#define __UINT_LEAST32_FMTu__ "u"
#define __UINT_LEAST32_FMTx__ "x"
#define __UINT_LEAST32_MAX__ 4294967295U
#define __UINT_LEAST32_TYPE__ unsigned int
#define __UINT_LEAST64_FMTX__ "lX"
#define __UINT_LEAST64_FMTo__ "lo"
#define __UINT_LEAST64_FMTu__ "lu"
#define __UINT_LEAST64_FMTx__ "lx"
#define __UINT_LEAST64_MAX__ 18446744073709551615UL
#define __UINT_LEAST64_TYPE__ long unsigned int
#define __UINT_LEAST8_FMTX__ "hhX"
#define __UINT_LEAST8_FMTo__ "hho"
#define __UINT_LEAST8_FMTu__ "hhu"
#define __UINT_LEAST8_FMTx__ "hhx"
#define __UINT_LEAST8_MAX__ 255
#define __UINT_LEAST8_TYPE__ unsigned char
#define __USER_LABEL_PREFIX__ 
#define __VERSION__ "4.2.1 Compatible Clang 3.6.2 (tags/RELEASE_362/final)"
#define __WCHAR_MAX__ 2147483647
#define __WCHAR_TYPE__ int
#define __WCHAR_WIDTH__ 32
#define __WINT_TYPE__ unsigned int
#define __WINT_UNSIGNED__ 1
#define __WINT_WIDTH__ 32
#define __amd64 1
#define __amd64__ 1
#define __clang__ 1
#define __clang_major__ 3
#define __clang_minor__ 6
#define __clang_patchlevel__ 2
#define __clang_version__ "3.6.2 (tags/RELEASE_362/final)"
#define __gnu_linux__ 1
#define __k8 1
#define __k8__ 1
#define __linux 1
#define __linux__ 1
#define __llvm__ 1
#define __tune_k8__ 1
#define __unix 1
#define __unix__ 1
#define __x86_64 1
#define __x86_64__ 1
#define linux 1
#define unix 1

find program=['llvm-ar', 'ar'] paths=['/usr/local/bin', '/bin', '/usr/bin', '/usr/local/sbin', '/usr/sbin', '/sbin', '/opt/aws/bin', '/home/ec2-user/spark/build/apache-maven-3.3.9/bin', '/home/ec2-user/.local/bin', '/home/ec2-user/bin', '/opt/aws/bin', '/home/ec2-user/spark/build/apache-maven-3.3.9/bin'] var='AR' -> ['/usr/bin/llvm-ar']
find program=['ar'] paths=['/usr/local/bin', '/bin', '/usr/bin', '/usr/local/sbin', '/usr/sbin', '/sbin', '/opt/aws/bin', '/home/ec2-user/spark/build/apache-maven-3.3.9/bin', '/home/ec2-user/.local/bin', '/home/ec2-user/bin', '/opt/aws/bin', '/home/ec2-user/spark/build/apache-maven-3.3.9/bin'] var='AR' -> ['/usr/bin/llvm-ar']
clang++
--------------------------------------------------------------------------------------------------
Checking for program '/tmp/lljvm-translator/lib/lljvm-native/llvm-5.0.2.src/build/bin/llvm-config'
/tmp/lljvm-translator/lib/lljvm-native/llvm-5.0.2.src/build/bin/llvm-config
find program=['/tmp/lljvm-translator/lib/lljvm-native/llvm-5.0.2.src/build/bin/llvm-config'] paths=['/usr/local/bin', '/bin', '/usr/bin', '/usr/local/sbin', '/usr/sbin', '/sbin', '/opt/aws/bin', '/home/ec2-user/spark/build/apache-maven-3.3.9/bin', '/home/ec2-user/.local/bin', '/home/ec2-user/bin', '/opt/aws/bin', '/home/ec2-user/spark/build/apache-maven-3.3.9/bin'] var='/TMP/LLJVM_TRANSLATOR/LIB/LLJVM_NATIVE/LLVM_5_0_2_SRC/BUILD/BIN/LLVM_CONFIG' -> ['/tmp/lljvm-translator/lib/lljvm-native/llvm-5.0.2.src/build/bin/llvm-config']
--------------------------------------------------------------------------------------------------
Checking for library m
==>

int main(int argc, char **argv) {
	(void)argc; (void)argv;
	return 0;
}

<==
[1/2] Compiling [32mbuild/.conf_check_baeb9dd9e45e60ef14db9e82cd616f2a/test.cpp[0m

['clang++', '-fcxx-exceptions', '../test.cpp', '-c', '-o/tmp/lljvm-translator/lib/lljvm-native/build/.conf_check_baeb9dd9e45e60ef14db9e82cd616f2a/testbuild/test.cpp.1.o']
[2/2] Linking [33mbuild/.conf_check_baeb9dd9e45e60ef14db9e82cd616f2a/testbuild/testprog[0m

['clang++', 'test.cpp.1.o', '-o/tmp/lljvm-translator/lib/lljvm-native/build/.conf_check_baeb9dd9e45e60ef14db9e82cd616f2a/testbuild/testprog', '-Wl,-Bstatic', '-Wl,-Bdynamic', '-lm']
yes
--------------------------------------------------------------------------------------------------
Checking for library pthread
==>

int main(int argc, char **argv) {
	(void)argc; (void)argv;
	return 0;
}

<==
[1/2] Compiling [32mbuild/.conf_check_17bcc2f0803e71ad319f9dd446ed8dc8/test.cpp[0m

['clang++', '-fcxx-exceptions', '../test.cpp', '-c', '-o/tmp/lljvm-translator/lib/lljvm-native/build/.conf_check_17bcc2f0803e71ad319f9dd446ed8dc8/testbuild/test.cpp.1.o']
[2/2] Linking [33mbuild/.conf_check_17bcc2f0803e71ad319f9dd446ed8dc8/testbuild/testprog[0m

['clang++', 'test.cpp.1.o', '-o/tmp/lljvm-translator/lib/lljvm-native/build/.conf_check_17bcc2f0803e71ad319f9dd446ed8dc8/testbuild/testprog', '-Wl,-Bstatic', '-Wl,-Bdynamic', '-lpthread']
yes
--------------------------------------------------------------------------------------------------
Checking for library z
==>

int main(int argc, char **argv) {
	(void)argc; (void)argv;
	return 0;
}

<==
[1/2] Compiling [32mbuild/.conf_check_27995584cb02af5e184ecee9a2ec80ae/test.cpp[0m

['clang++', '-fcxx-exceptions', '../test.cpp', '-c', '-o/tmp/lljvm-translator/lib/lljvm-native/build/.conf_check_27995584cb02af5e184ecee9a2ec80ae/testbuild/test.cpp.1.o']
[2/2] Linking [33mbuild/.conf_check_27995584cb02af5e184ecee9a2ec80ae/testbuild/testprog[0m

['clang++', 'test.cpp.1.o', '-o/tmp/lljvm-translator/lib/lljvm-native/build/.conf_check_27995584cb02af5e184ecee9a2ec80ae/testbuild/testprog', '-Wl,-Bstatic', '-Wl,-Bdynamic', '-lz']
yes
--------------------------------------------------------------------------------------------------
Checking for library tinfo
==>

int main(int argc, char **argv) {
	(void)argc; (void)argv;
	return 0;
}

<==
[1/2] Compiling [32mbuild/.conf_check_93c2bec31ec2a32d2a02ee54bc25602a/test.cpp[0m

['clang++', '-fcxx-exceptions', '../test.cpp', '-c', '-o/tmp/lljvm-translator/lib/lljvm-native/build/.conf_check_93c2bec31ec2a32d2a02ee54bc25602a/testbuild/test.cpp.1.o']
[2/2] Linking [33mbuild/.conf_check_93c2bec31ec2a32d2a02ee54bc25602a/testbuild/testprog[0m

['clang++', 'test.cpp.1.o', '-o/tmp/lljvm-translator/lib/lljvm-native/build/.conf_check_93c2bec31ec2a32d2a02ee54bc25602a/testbuild/testprog', '-Wl,-Bstatic', '-Wl,-Bdynamic', '-ltinfo']
yes
--------------------------------------------------------------------------------------------------
Checking for library dl
==>

int main(int argc, char **argv) {
	(void)argc; (void)argv;
	return 0;
}

<==
[1/2] Compiling [32mbuild/.conf_check_7a439ca9c30261b91f964c210427aa71/test.cpp[0m

['clang++', '-fcxx-exceptions', '../test.cpp', '-c', '-o/tmp/lljvm-translator/lib/lljvm-native/build/.conf_check_7a439ca9c30261b91f964c210427aa71/testbuild/test.cpp.1.o']
[2/2] Linking [33mbuild/.conf_check_7a439ca9c30261b91f964c210427aa71/testbuild/testprog[0m

['clang++', 'test.cpp.1.o', '-o/tmp/lljvm-translator/lib/lljvm-native/build/.conf_check_7a439ca9c30261b91f964c210427aa71/testbuild/testprog', '-Wl,-Bstatic', '-Wl,-Bdynamic', '-ldl']
yes
--------------------------------------------------------------------------------------------------
Checking for library rt
==>

int main(int argc, char **argv) {
	(void)argc; (void)argv;
	return 0;
}

<==
[1/2] Compiling [32mbuild/.conf_check_7645bc801be23aef773380914d468685/test.cpp[0m

['clang++', '-fcxx-exceptions', '../test.cpp', '-c', '-o/tmp/lljvm-translator/lib/lljvm-native/build/.conf_check_7645bc801be23aef773380914d468685/testbuild/test.cpp.1.o']
[2/2] Linking [33mbuild/.conf_check_7645bc801be23aef773380914d468685/testbuild/testprog[0m

['clang++', 'test.cpp.1.o', '-o/tmp/lljvm-translator/lib/lljvm-native/build/.conf_check_7645bc801be23aef773380914d468685/testbuild/testprog', '-Wl,-Bstatic', '-Wl,-Bdynamic', '-lrt']
yes
--------------------------------------------------------------------------------------------------
Checking for LLVM configurations
==>

int main(int argc, char **argv) {
	(void)argc; (void)argv;
	return 0;
}

<==
[1/2] Compiling [32mbuild/.conf_check_c2532657bf36c1ca00660ff11565e09a/test.cpp[0m

['clang++', '-fcxx-exceptions', '-I/tmp/lljvm-translator/lib/lljvm-native/llvm-5.0.2.src/build/../include', '-I/tmp/lljvm-translator/lib/lljvm-native/llvm-5.0.2.src/build/include', '-fPIC', '-fvisibility-inlines-hidden', '-std=c++11', '-Wall', '-W', '-Wno-unused-parameter', '-Wwrite-strings', '-Wcast-qual', '-Wno-missing-field-initializers', '-pedantic', '-Wno-long-long', '-Wno-maybe-uninitialized', '-Wdelete-non-virtual-dtor', '-Wno-comment', '-ffunction-sections', '-fdata-sections', '-O3', '-DNDEBUG', '-fno-rtti', '-DLLVM_BUILD_GLOBAL_ISEL', '-D_GNU_SOURCE', '-D__STDC_CONSTANT_MACROS', '-D__STDC_FORMAT_MACROS', '-D__STDC_LIMIT_MACROS', '../test.cpp', '-c', '-o/tmp/lljvm-translator/lib/lljvm-native/build/.conf_check_c2532657bf36c1ca00660ff11565e09a/testbuild/test.cpp.1.o']
err: warning: unknown warning option '-Wno-maybe-uninitialized'; did you mean '-Wno-uninitialized'? [-Wunknown-warning-option]
1 warning generated.

[2/2] Linking [33mbuild/.conf_check_c2532657bf36c1ca00660ff11565e09a/testbuild/testprog[0m

['clang++', '-Wl,--whole-archive', '/tmp/lljvm-translator/lib/lljvm-native/llvm-5.0.2.src/build/lib/libLLVMX86Disassembler.a', '/tmp/lljvm-translator/lib/lljvm-native/llvm-5.0.2.src/build/lib/libLLVMX86AsmParser.a', '/tmp/lljvm-translator/lib/lljvm-native/llvm-5.0.2.src/build/lib/libLLVMX86CodeGen.a', '/tmp/lljvm-translator/lib/lljvm-native/llvm-5.0.2.src/build/lib/libLLVMGlobalISel.a', '/tmp/lljvm-translator/lib/lljvm-native/llvm-5.0.2.src/build/lib/libLLVMSelectionDAG.a', '/tmp/lljvm-translator/lib/lljvm-native/llvm-5.0.2.src/build/lib/libLLVMAsmPrinter.a', '/tmp/lljvm-translator/lib/lljvm-native/llvm-5.0.2.src/build/lib/libLLVMDebugInfoCodeView.a', '/tmp/lljvm-translator/lib/lljvm-native/llvm-5.0.2.src/build/lib/libLLVMDebugInfoMSF.a', '/tmp/lljvm-translator/lib/lljvm-native/llvm-5.0.2.src/build/lib/libLLVMCodeGen.a', '/tmp/lljvm-translator/lib/lljvm-native/llvm-5.0.2.src/build/lib/libLLVMScalarOpts.a', '/tmp/lljvm-translator/lib/lljvm-native/llvm-5.0.2.src/build/lib/libLLVMInstCombine.a', '/tmp/lljvm-translator/lib/lljvm-native/llvm-5.0.2.src/build/lib/libLLVMTransformUtils.a', '/tmp/lljvm-translator/lib/lljvm-native/llvm-5.0.2.src/build/lib/libLLVMBitWriter.a', '/tmp/lljvm-translator/lib/lljvm-native/llvm-5.0.2.src/build/lib/libLLVMX86Desc.a', '/tmp/lljvm-translator/lib/lljvm-native/llvm-5.0.2.src/build/lib/libLLVMMCDisassembler.a', '/tmp/lljvm-translator/lib/lljvm-native/llvm-5.0.2.src/build/lib/libLLVMX86Info.a', '/tmp/lljvm-translator/lib/lljvm-native/llvm-5.0.2.src/build/lib/libLLVMX86AsmPrinter.a', '/tmp/lljvm-translator/lib/lljvm-native/llvm-5.0.2.src/build/lib/libLLVMX86Utils.a', '/tmp/lljvm-translator/lib/lljvm-native/llvm-5.0.2.src/build/lib/libLLVMMCJIT.a', '/tmp/lljvm-translator/lib/lljvm-native/llvm-5.0.2.src/build/lib/libLLVMExecutionEngine.a', '/tmp/lljvm-translator/lib/lljvm-native/llvm-5.0.2.src/build/lib/libLLVMTarget.a', '/tmp/lljvm-translator/lib/lljvm-native/llvm-5.0.2.src/build/lib/libLLVMAnalysis.a', '/tmp/lljvm-translator/lib/lljvm-native/llvm-5.0.2.src/build/lib/libLLVMProfileData.a', '/tmp/lljvm-translator/lib/lljvm-native/llvm-5.0.2.src/build/lib/libLLVMRuntimeDyld.a', '/tmp/lljvm-translator/lib/lljvm-native/llvm-5.0.2.src/build/lib/libLLVMObject.a', '/tmp/lljvm-translator/lib/lljvm-native/llvm-5.0.2.src/build/lib/libLLVMMCParser.a', '/tmp/lljvm-translator/lib/lljvm-native/llvm-5.0.2.src/build/lib/libLLVMBitReader.a', '/tmp/lljvm-translator/lib/lljvm-native/llvm-5.0.2.src/build/lib/libLLVMMC.a', '/tmp/lljvm-translator/lib/lljvm-native/llvm-5.0.2.src/build/lib/libLLVMCore.a', '/tmp/lljvm-translator/lib/lljvm-native/llvm-5.0.2.src/build/lib/libLLVMBinaryFormat.a', '/tmp/lljvm-translator/lib/lljvm-native/llvm-5.0.2.src/build/lib/libLLVMSupport.a', '/tmp/lljvm-translator/lib/lljvm-native/llvm-5.0.2.src/build/lib/libLLVMDemangle.a', '-Wl,--no-whole-archive', '-lm', '-lz', '-pthread', '-ltinfo', '-ldl', '-lrt', 'test.cpp.1.o', '-o/tmp/lljvm-translator/lib/lljvm-native/build/.conf_check_c2532657bf36c1ca00660ff11565e09a/testbuild/testprog', '-Wl,-Bstatic', '-Wl,-Bdynamic']
yes
